# JRE version: OpenJDK Runtime Environment (8.0_112-b06) (build 1.8.0_112-release-b06)
# Java VM: OpenJDK 64-Bit Server VM (25.112-b06 mixed mode windows-amd64 compressed oops)
Heap:
 PSYoungGen      total 239616K, used 199913K [0x00000000eab00000, 0x00000000fe580000, 0x0000000100000000)
  eden space 215040K, 81% used [0x00000000eab00000,0x00000000f565cfc8,0x00000000f7d00000)
  from space 24576K, 99% used [0x00000000fcd80000,0x00000000fe55d5a8,0x00000000fe580000)
  to   space 29184K, 0% used [0x00000000fac80000,0x00000000fac80000,0x00000000fc900000)
 ParOldGen       total 153088K, used 45802K [0x00000000c0000000, 0x00000000c9580000, 0x00000000eab00000)
  object space 153088K, 29% used [0x00000000c0000000,0x00000000c2cba8c8,0x00000000c9580000)
 Metaspace       used 70112K, capacity 73424K, committed 73688K, reserved 1114112K
  class space    used 9108K, capacity 9903K, committed 9984K, reserved 1048576K
GC Heap History (10 events):
Event: 38.944 GC heap before
{Heap before GC invocations=13 (full 2):
 PSYoungGen      total 192512K, used 137704K [0x00000000eab00000, 0x00000000f8f00000, 0x0000000100000000)
  eden space 176640K, 68% used [0x00000000eab00000,0x00000000f2201410,0x00000000f5780000)
  from space 15872K, 99% used [0x00000000f6d80000,0x00000000f7cf8c98,0x00000000f7d00000)
  to   space 22528K, 0% used [0x00000000f5780000,0x00000000f5780000,0x00000000f6d80000)
 ParOldGen       total 97280K, used 32966K [0x00000000c0000000, 0x00000000c5f00000, 0x00000000eab00000)
  object space 97280K, 33% used [0x00000000c0000000,0x00000000c20318b0,0x00000000c5f00000)
 Metaspace       used 56549K, capacity 58884K, committed 58968K, reserved 1099776K
  class space    used 7671K, capacity 8257K, committed 8320K, reserved 1048576K
Event: 38.987 GC heap after
Heap after GC invocations=13 (full 2):
 PSYoungGen      total 199168K, used 22515K [0x00000000eab00000, 0x00000000fc280000, 0x0000000100000000)
  eden space 176640K, 0% used [0x00000000eab00000,0x00000000eab00000,0x00000000f5780000)
  from space 22528K, 99% used [0x00000000f5780000,0x00000000f6d7ccc8,0x00000000f6d80000)
  to   space 26624K, 0% used [0x00000000fa880000,0x00000000fa880000,0x00000000fc280000)
 ParOldGen       total 97280K, used 36398K [0x00000000c0000000, 0x00000000c5f00000, 0x00000000eab00000)
  object space 97280K, 37% used [0x00000000c0000000,0x00000000c238bb08,0x00000000c5f00000)
 Metaspace       used 56549K, capacity 58884K, committed 58968K, reserved 1099776K
  class space    used 7671K, capacity 8257K, committed 8320K, reserved 1048576K
}
Event: 38.987 GC heap before
{Heap before GC invocations=14 (full 3):
 PSYoungGen      total 199168K, used 22515K [0x00000000eab00000, 0x00000000fc280000, 0x0000000100000000)
  eden space 176640K, 0% used [0x00000000eab00000,0x00000000eab00000,0x00000000f5780000)
  from space 22528K, 99% used [0x00000000f5780000,0x00000000f6d7ccc8,0x00000000f6d80000)
  to   space 26624K, 0% used [0x00000000fa880000,0x00000000fa880000,0x00000000fc280000)
 ParOldGen       total 97280K, used 36398K [0x00000000c0000000, 0x00000000c5f00000, 0x00000000eab00000)
  object space 97280K, 37% used [0x00000000c0000000,0x00000000c238bb08,0x00000000c5f00000)
 Metaspace       used 56549K, capacity 58884K, committed 58968K, reserved 1099776K
  class space    used 7671K, capacity 8257K, committed 8320K, reserved 1048576K
Event: 39.307 GC heap after
Heap after GC invocations=14 (full 3):
 PSYoungGen      total 199168K, used 0K [0x00000000eab00000, 0x00000000fc280000, 0x0000000100000000)
  eden space 176640K, 0% used [0x00000000eab00000,0x00000000eab00000,0x00000000f5780000)
  from space 22528K, 0% used [0x00000000f5780000,0x00000000f5780000,0x00000000f6d80000)
  to   space 26624K, 0% used [0x00000000fa880000,0x00000000fa880000,0x00000000fc280000)
 ParOldGen       total 153088K, used 45778K [0x00000000c0000000, 0x00000000c9580000, 0x00000000eab00000)
  object space 153088K, 29% used [0x00000000c0000000,0x00000000c2cb48c8,0x00000000c9580000)
 Metaspace       used 56549K, capacity 58884K, committed 58968K, reserved 1099776K
  class space    used 7671K, capacity 8257K, committed 8320K, reserved 1048576K
}
Event: 96.143 GC heap before
{Heap before GC invocations=15 (full 3):
 PSYoungGen      total 199168K, used 176640K [0x00000000eab00000, 0x00000000fc280000, 0x0000000100000000)
  eden space 176640K, 100% used [0x00000000eab00000,0x00000000f5780000,0x00000000f5780000)
  from space 22528K, 0% used [0x00000000f5780000,0x00000000f5780000,0x00000000f6d80000)
  to   space 26624K, 0% used [0x00000000fa880000,0x00000000fa880000,0x00000000fc280000)
 ParOldGen       total 153088K, used 45778K [0x00000000c0000000, 0x00000000c9580000, 0x00000000eab00000)
  object space 153088K, 29% used [0x00000000c0000000,0x00000000c2cb48c8,0x00000000c9580000)
 Metaspace       used 60005K, capacity 62454K, committed 62680K, reserved 1103872K
  class space    used 8069K, capacity 8672K, committed 8704K, reserved 1048576K
Event: 96.155 GC heap after
Heap after GC invocations=15 (full 3):
 PSYoungGen      total 239104K, used 5546K [0x00000000eab00000, 0x00000000fb880000, 0x0000000100000000)
  eden space 222720K, 0% used [0x00000000eab00000,0x00000000eab00000,0x00000000f8480000)
  from space 16384K, 33% used [0x00000000fa880000,0x00000000fadeaad0,0x00000000fb880000)
  to   space 26624K, 0% used [0x00000000f8480000,0x00000000f8480000,0x00000000f9e80000)
 ParOldGen       total 153088K, used 45786K [0x00000000c0000000, 0x00000000c9580000, 0x00000000eab00000)
  object space 153088K, 29% used [0x00000000c0000000,0x00000000c2cb68c8,0x00000000c9580000)
 Metaspace       used 60005K, capacity 62454K, committed 62680K, reserved 1103872K
  class space    used 8069K, capacity 8672K, committed 8704K, reserved 1048576K
}
Event: 392.344 GC heap before
{Heap before GC invocations=16 (full 3):
 PSYoungGen      total 239104K, used 228266K [0x00000000eab00000, 0x00000000fb880000, 0x0000000100000000)
  eden space 222720K, 100% used [0x00000000eab00000,0x00000000f8480000,0x00000000f8480000)
  from space 16384K, 33% used [0x00000000fa880000,0x00000000fadeaad0,0x00000000fb880000)
  to   space 26624K, 0% used [0x00000000f8480000,0x00000000f8480000,0x00000000f9e80000)
 ParOldGen       total 153088K, used 45786K [0x00000000c0000000, 0x00000000c9580000, 0x00000000eab00000)
  object space 153088K, 29% used [0x00000000c0000000,0x00000000c2cb68c8,0x00000000c9580000)
 Metaspace       used 62219K, capacity 65138K, committed 65368K, reserved 1105920K
  class space    used 8287K, capacity 8972K, committed 9088K, reserved 1048576K
Event: 392.370 GC heap after
Heap after GC invocations=16 (full 3):
 PSYoungGen      total 249344K, used 14631K [0x00000000eab00000, 0x00000000fe700000, 0x0000000100000000)
  eden space 222720K, 0% used [0x00000000eab00000,0x00000000eab00000,0x00000000f8480000)
  from space 26624K, 54% used [0x00000000f8480000,0x00000000f92c9c10,0x00000000f9e80000)
  to   space 26112K, 0% used [0x00000000fcd80000,0x00000000fcd80000,0x00000000fe700000)
 ParOldGen       total 153088K, used 45794K [0x00000000c0000000, 0x00000000c9580000, 0x00000000eab00000)
  object space 153088K, 29% used [0x00000000c0000000,0x00000000c2cb88c8,0x00000000c9580000)
 Metaspace       used 62219K, capacity 65138K, committed 65368K, reserved 1105920K
  class space    used 8287K, capacity 8972K, committed 9088K, reserved 1048576K
}
Event: 492.656 GC heap before
{Heap before GC invocations=17 (full 3):
 PSYoungGen      total 249344K, used 237351K [0x00000000eab00000, 0x00000000fe700000, 0x0000000100000000)
  eden space 222720K, 100% used [0x00000000eab00000,0x00000000f8480000,0x00000000f8480000)
  from space 26624K, 54% used [0x00000000f8480000,0x00000000f92c9c10,0x00000000f9e80000)
  to   space 26112K, 0% used [0x00000000fcd80000,0x00000000fcd80000,0x00000000fe700000)
 ParOldGen       total 153088K, used 45794K [0x00000000c0000000, 0x00000000c9580000, 0x00000000eab00000)
  object space 153088K, 29% used [0x00000000c0000000,0x00000000c2cb88c8,0x00000000c9580000)
 Metaspace       used 67264K, capacity 70358K, committed 70616K, reserved 1110016K
  class space    used 8868K, capacity 9648K, committed 9728K, reserved 1048576K
Event: 492.704 GC heap after
Heap after GC invocations=17 (full 3):
 PSYoungGen      total 239616K, used 24437K [0x00000000eab00000, 0x00000000fe580000, 0x0000000100000000)
  eden space 215040K, 0% used [0x00000000eab00000,0x00000000eab00000,0x00000000f7d00000)
  from space 24576K, 99% used [0x00000000fcd80000,0x00000000fe55d5a8,0x00000000fe580000)
  to   space 29184K, 0% used [0x00000000fac80000,0x00000000fac80000,0x00000000fc900000)
 ParOldGen       total 153088K, used 45802K [0x00000000c0000000, 0x00000000c9580000, 0x00000000eab00000)
  object space 153088K, 29% used [0x00000000c0000000,0x00000000c2cba8c8,0x00000000c9580000)
 Metaspace       used 67264K, capacity 70358K, committed 70616K, reserved 1110016K
  class space    used 8868K, capacity 9648K, committed 9728K, reserved 1048576K
}

